SEQUENCE: guau
SCORE:     score                  description
REMARK BINARY_SILENTFILE RNA 
SCORE:     0.000 1jj2_RNA_0206_0207_0232_0233
FOLD_TREE  EDGE 1 2 -1  JEDGE 2 3 1  C2   C4   END  EDGE 3 4 -1  1jj2_RNA_0206_0207_0232_0233
RT -0.977488 0.0387295 -0.207407 0.0967489 0.955847 -0.277481 0.187503 -0.2913 -0.938076 5.98308 -0.90362 -0.996823   1jj2_RNA_0206_0207_0232_0233
ANNOTATED_SEQUENCE: guau 1jj2_RNA_0206_0207_0232_0233
LR26gC1jyPLU5QzcQGZTgCxeUOL0z3ncQOJWhCBVzOLEFuWdQUNugCtyxSLEsy9cQT3MgCZlTTL0isZdQue8fCFtIWL0xLVdQ2jifCFDyWL0ispcQf/seCZ6WWLEYlvdQaRGfC99zWLkEDaeQsHNeCRfvXLEsypcQAA4dC55bYL0kYYdQc9QeCVOEbLkEDidQBWhZCxJBVLknv7bQcS8ZC1hWXL0yhOcQbn/YCNcNZLU46VcQ6mMbCRg1XLUNeZcQfUAcCJxwVLUPKQcQGZrbCBBWTLkZm9bQQgVaCxK3SLUy2xbQ/p2ZCZ62QL0GvgbQnEzcCtduRLEsy5bQHaxdCxfKTLUHaJcQqGXdCBWpVL0FZXcQSFXgC9X8SL0P26dQh5jfCFl8RL00QTdQNhZgC5yUXLEUpgdQfKGeChahUL0j/vdQb4AeCVRjZLUjvWcQl1zcCJUWYLU+9gdQzGsdC9nWcLUJ5RdQxMjYCVy2ULUKo0bQsbPZCVu8aLEqojcQ74CYC1h2YLUrtNcQpG0eCFrdSLUBRLcQ 1jj2_RNA_0206_0207_0232_0233
LW5oeCFXvULk++9eQ7R5eCdn/RLksdueQzhOfCJEoVLUwKnfQ0iEdClBRVLUIw+eQiWkcC1i8XLktzDfQqGHbCV3EYLUJG4eQEY9aCBVjXLUIwKeQOJOaCZ5AWLUKcNfQ/p2ZCd8yWLUbn3fQ67vZCBWJWLEVjDeQ8nCZC9S3VLEFuueQMIIYCdn/XLEShzeQiWEaCVOkTLk8SvdQ8nCZCRfPSLUjXadQsy5XCtcITL0eUYdQ1NZZCNJ2PLkVOIdQ3koaCJwqOL0GvIdQ5QzaCFDiMLEUN2cQW5obCZmJQLkX6edQ4PVbCFXfSLEZ7wdQauIdCFdVZLEWgveQDwscCRLnYL0EHlfQB/yaCtSFaLUwcCfQ4ItaCJvDULEl3RfQpKDZCV+KXLk/6tdQxsbYChlDULUjXzeQ1TYXCpFyXLEDgeeQozqYCdF2OL0sB5cQ5jqcClTXPLEMMhdQ5yHcCpYmTL0T1BeQ 1jj2_RNA_0206_0207_0232_0233
LZQoQCJw6/KEtIvaQEt4RCNJ2/K0KHWaQiWUPC9Tt/KUc9YaQgVmQCJvkCLkU4KbQnv/QC5PFFL0co5aQUN+QCpFJHLUxgcbQ2j6RC12ZGLEsy9bQpbaRCpF5JLE8nObQ6mUQClYQLLUJG8aQXPiSCd+uIL0NJOcQhr3RCFtILL0kY4bQ7RxQC5O/LLEW5QcQIwKXCJb3MLUGEocQJG8VCJbnNLE99zcQHaxUClsdML0w1rcQcS8UCdnPKLUPKUcQW5IWCVNOJLUHaFcQYlTXCR1oKLkSMQcQRLiYCB/5JLkSMEcQ5Q7VCZm5GL0KHubQSMoUCFYlGLUwKvbQIF+TC9RhILUy2FcQ8bUQCtoqFL05gfaQbWASCVd7ELkd2raQE26PC99MHLUBsmbQHSMSCJx3JLkNx1aQtcbSCN4BJLEN2wcQeefSChG7MLUfjzbQsEGRC9AzML0IRscQB74VCR8cPLUCOHdQk0UZClMALLEw8McQwfqYC11QILkxeybQrIHUCR25ELEThfbQ 1jj2_RNA_0206_0207_0232_0233
LdTiQClC3ML0kYQaQ7RZRC9oQLLk/UzZQMdLPCNzsNL0yhCaQmZWRChpbPLEtIfaQamxQC9RRRL00N9aQGZzRCxJRTLU5QLbQR22SCdS8RLEqGjbQjXiSCBWpULEqGnaQDXvRCxgwWLUO0WaQ4PFUCd8STL057bbQ5QzTCtznVLUHa9aQ0ikTC557XLUdTWbQ0iEVC9SXRLEDCMbQgqZWCFZ7RLU5QTbQamxWCls9TLUHalbQ46RXC56BQLEueEbQjs9WCdSsNL0OfvaQPf3XClsNMLU2OjaQoakVCZ5QNLklDpaQcSsUChWEPLEnE3aQk8YQC1nLQLETLZbQI86PCZOUSLEQnuaQ9rORCZ+vULU0tdbQI+uSCpnVTLkHhLaQi6gUCdaKULEvK5bQm5lUC5XMWLEFxmaQQKbUCRGgYLEZWkbQnKQYCtzYQLUmbJbQg7NVCh1cLLkKiYaQrpnTCx1sOLU80xaQ 1jj2_RNA_0206_0207_0232_0233
SCORE:     0.000 1jj2_RNA_01265_01266_01090_01091
FOLD_TREE  EDGE 1 2 -1  JEDGE 2 3 1  C2   C4   END  EDGE 3 4 -1  1jj2_RNA_01265_01266_01090_01091
RT -0.969936 0.105 -0.219544 0.120762 0.99089 -0.059616 0.211284 -0.0843363 -0.973779 5.90817 -1.13255 -0.788554   1jj2_RNA_01265_01266_01090_01091
ANNOTATED_SEQUENCE: guau 1jj2_RNA_01265_01266_01090_01091
LO0iYAdR23KkmZmrQhArnANJ23KkrHjrQmZmJAtc41K0yhhrQNzMPAhqx6KUbnkrQ46Rx/IxQ7KEShlrQWO0m/U3E+KEtIirQtIb7/cS8/KkCXprQ/pG3/Q14+KkSMXrQ2OfX/sd+9KU14OrQKxgEApGPCLU6mjrQzhW4/Iw6BLUwKYrQPKc9+wKHDLkpbXrQ5QLzAd8CILk8SerQiWkoANHqILEpwcrQGEYmAd9ILLUdTZrQNepgAZk9GL0LderQNzMkAZljELULyhrQEYluApGvDL0OfjrQ2jC3AdolFLknvhrQBWZABNIQFLEZ7irQuz3uARgFBLULymrQpw1kA9SXAL0HFnrQuz3bA57XCLUPKkrQpqwm/4b86K0F0trQS/7e/Ym15KkaggrQl3e69IAJ+K0bJirQliNLApVB+KUvJVrQnp48/wRKELU9lmrQj+hFAFk3CLE9wRrQHVRE/UPGFLU5IYrQzzi4AVveJLkD0crQ3xkdA5MsLLEeCYrQkOUsAJ7bML0y/XrQVjLiA5NW+K0AaprQ 1jj2_RNA_01265_01266_01090_01091
LNepv/ksN9K0LdDrQy25LApvv7KEVjFrQJGE4+Mc97KE/p8qQ8na8/syBALEoa+qQTiBZ/Y5ACLkED8qQrcox/IbnELULy4qQzhWEA5OvFLET3BrQe++JAhAbELUzMwqQU46BANzMELkArlqQ8S3WAlCHHL0NJ+qQueUWA13/GLka8xqQ357LA1jSJLkR2tqQsHFlAlYwFLU2OCrQnvfuAFuOHLkTiCrQ789uAJvkJLU14/qQf/U3ABq2FLklDGrQgqx3AhVODL0bSJrQ5lOABlYQCLk78LrQqGvtARg1BLkX6IrQKc9kAxKHDLkvfFrQQmYg+0iWCL0CFDrQPOWc+c2TBLUwj1qQYDHO/Yj2FLUzz1qQGtJUAtroCL0P7wqQHH7XAF6OJLUQYArQYR/iAhr/GLEI8tqQ/d5UANK6KLU8RvqQbDO+Ahy3GLESSGrQe7PtABnu/KkgaLrQjEraAt1ACLUjRFrQ 1jj2_RNA_01265_01266_01090_01091
LKxgjBd9oML0bSQrQ35riBpGfKLULyXrQamJlBBW5OLE7RUrQjX6gB141NL0GvKrQhrHhBx1DQLkQgDrQRLycBVM4QLESh/qQamZaBNctOLUKc5qQmupYBZQgRLkEDIrQvJRZBd9IULk++LrQW5wUBhVuOL0d+6qQGZbTBBWJRLka8BrQW5QSB5PVTLkSM7qQkCXFBpGfILEAAGrQy2ZFBBq2KLEnEBrQdTiJB5kYML0Ib+qQ++JOBtdOLL0FZBrQDXvOBR0yILkQgGrQx1DKBtcYHLEW5IrQsyBKBJaBFL0z3NrQOJGUB5OPILEBWIrQOJmWB99TKL0FZErQ03PTBNzMMLEDCArQXSZiBBlhPLkbq8qQm2EiBNIxRLUxhHrQdZidBhqtSL0M66qQo1+YBlFPQLEXNPrQbVXSBp95OLU6ozqQoN8PBV9+QLkpQHrQU9zOB53/SL0uX3qQVKdBBJypLLk45+qQVcjGBhhGEL06YPrQ3EeNBh8KELEbFQrQal+aBBkhKLEXhErQ 1jj2_RNA_01265_01266_01090_01091
LoF5YBFZrUL04lYrQsHlbB55bSLk8SerQShraBJFeXLErcarQ++pSB9ogULEAAbrQnv/OB56RWLEmuVrQoFZJB9TNVLUxgWrQUN+IBtduSL0yhQrQFDiHBlXaUL0cohrQe++FBR1oWLEZ7nrQDCMFBViBRLEYlVrQ8S3CBBBmSLk++erQuz38AJvEULk8SbrQU46HBRglOL0bSZrQue0EBRgVMLkR2arQFDCABpETML0gAZrQ7RhHB5kIKLU6merQBW5MB1i8JLET3grQDXvOBx1zHLEAAkrQuz3PBdoVMLUc9erQzhWNBtyhOLE+TbrQ/THQBVngWLEjRNrQunLPBd+RYLUNYZrQND4GBxU2WLUOgTrQ2AqKBJjcTL0XemrQz2yBBtVZQL0SlQrQfiaBBhTeRL0N+lrQOB22AJA1SL0OmZrQExVFBJBfILEe3frQQVNUBBrYML0FfgrQMXtPBxhWQL0k4ZrQ 1jj2_RNA_01265_01266_01090_01091
SCORE:     0.000 1jj2_RNA_01319_01320_01337_01338
FOLD_TREE  EDGE 1 2 -1  JEDGE 2 3 1  C2   C4   END  EDGE 3 4 -1  1jj2_RNA_01319_01320_01337_01338
RT -0.988571 0.066804 -0.135144 0.0973449 0.96738 -0.23388 0.115112 -0.244363 -0.962827 6.01693 -0.742556 -1.00324   1jj2_RNA_01319_01320_01337_01338
ANNOTATED_SEQUENCE: guau 1jj2_RNA_01319_01320_01337_01338
LQgVmBZmhAMk/UvnQ/UjjBBr0AMUNe1nQgqhnBNzc+LEBW1nQhALoB9msBMkVO4nQGZ7qB1MzBMUy2xnQRLCsBBWJDMkED4nQ5luqBxeMEMEsyrnQWOkrBBVjDM01jHoQ0ictBVO8CM0yhOoQKxgqBhrXFM01j4nQ3k4rBFCEFME99GoQ14luBZ7cFMUjXGoQ/pmjB9o4IMk78GoQsHVmB5kAJMkSMGoQ14VnB14NKM0GvIoQNz8nBZmBIM0NJDoQdolmBpF5GM0z3AoQJb3jBpErGMUgVBoQjXKiBR2uHMUbnEoQQ1YfB1huHM01jFoQZQQjB57XFMECs8nQ99jlBtH1EM0eU4nQGZrnB99rFMU5Q7nQQBHrBpOqBMUVegnQ//GsBNSABMkxf5nQviMuBRZDDM0QO1nQfOnpBpEPDMEwuKoQdwerBNMRGMEPBynQ66FrB9zkFME0EOoQUctuBNxcGMkn+FoQ6ikiBB2rJM0PYJoQILUpB17XKMUAVIoQN4HmB5H9KM0sBLoQSuylBFWyDM0rAznQ 1jj2_RNA_01319_01320_01337_01338
L2jisBpvfCMEBWaoQDC8pBhqxBMUIwZoQam5uBxe0BMklDfoQueEsBpG3DMk9ogoQbnPuBxJxEM0coioQlDNtBlDFGMUiBnoQjsdrBtHtGM00NfoQlYgrBpZ+FM0HFxoQ8SHtBV46FMUNe6oQsHVpB5OXHMkTikoQsH1pBVjPHMU3kwoQPKMrBxJZIMkuJ0oQdTymB57vGMUwKhoQUNekBdnfHMUxgioQ78dkBFXnIMkCXmoQIwKiBNI4GMUPKfoQcS8hBtznFME8naoQ2OffB9SPFMUgVXoQU4akBlX6EMU3kZoQoasmBR2eFMktzcoQrBXvBpC9EM0ANboQPEqvB9tUEMksXooQtbBvB1hpGMUs9ooQ7uSqB1wDFMU4dxoQyJLpBx6bIM0YuioQarCoBJVMHM0Nr1oQ4w+pBB+LJM0NmzoQ21dgBl+YHMUuHgoQmockB9i5DMk+HWoQ6ukoBJ76EM0U7boQ 1jj2_RNA_01319_01320_01337_01338
LKxgxANy+KMkSMnoQ++pyAluBKM0KHeoQlYQqAJaJMMEtImoQhrH9AR1gLM0IbqoQkCX+AFsiMMUHayoQTiBFB5kwMMUGE1oQoFZHB12hLMUMI5oQ5luIBtcINMkX6roQQgVIBJEgOM0KHpoQU46MBpvfLMEue2oQ++JOBltzMMEmuwoQgVuPBBWxNM0FZ4oQwKHbBhVWIMECsmoQyLdbB57XJM01jtoQsHlXBhqJKMkmZxoQCsySBNHyJMkmZtoQ99zRB57vIM0bSmoQ03PWBNIAIMUy2ioQy25VBdR+GMUJGcoQoFZMBFsqIMEW5joQMIQKB9ooJMkTipoQoF5NB1hWKMksdvoQ2vA6AtBRMM0vu5oQrZ46AdHfNMErhvoQAa/EBB+lNMUHz6oQNu0HBV6mMMU3YkoQgKuPBt/aLMkGP9oQMEYRB5LzMM0avqoQwQTTBdlhNMkDZ7oQBOgfBF7mJMUdbwoQtPNZBNWeGMka9ZoQHeWSBNxsGM0jKZoQPF8FBRy2JMUGhpoQ 1jj2_RNA_01319_01320_01337_01338
LMIQKBZ6+OMUNedoQwfqHB12JOMEnEVoQmupJB14dQME7RdoQyLdQBpvnOMkSMdoQb8SUBRgVPM04ljoQ99zZBZPyOMkWkhoQGE4ZBNIYNMUxgkoQTihbBpbyOM0z3VoQDCsdB9nCQM04lSoQEtIdBFDqMMkSMdoQIwqfB5QrNMU6mVoQ99TiB98FOM0P1ZoQWO0ZBR0qLMUxgXoQepbcBFumKMUIwSoQ67ngBBBeKMUGEToQDCMZB9TtJMEYlNoQNzsTBd9wJMUhrMoQ4PVRB5O3IMUc9HoQgqRRBVi5KMEpwRoQ4PVUBlXyLM0z3WoQ6cSTBxkPPMklHsoQVFMUBJJaQM0JohoQ4adcBJubPMUHUmoQzJNYB94nOMkzPQoQs8NgBpiGMMk28goQI7RgB5YVNMkXcNoQcYnjBpbVNMU4hZoQ0GAbBdj7IM0JFKoQKP6MB1YCLMU8bRoQgWZSB1lpMM0auaoQ 1jj2_RNA_01319_01320_01337_01338
SCORE:     0.000 1jj2_RNA_01697_01698_01411_01412
FOLD_TREE  EDGE 1 2 -1  JEDGE 2 3 1  C2   C4   END  EDGE 3 4 -1  1jj2_RNA_01697_01698_01411_01412
RT -0.979112 0.0566616 -0.195265 0.0842506 0.987118 -0.136015 0.185043 -0.149626 -0.971273 5.86198 -0.852688 -0.999651   1jj2_RNA_01697_01698_01411_01412
ANNOTATED_SEQUENCE: guau 1jj2_RNA_01697_01698_01411_01412
LwKDqC9SfeM0jCWpQ67npCZQofM0P1ZpQWOYqCdRmdM0jCepQ2jmqCxfKfMk9oOpQzhGrCtcYeM01jJpQzMXrCR2GfM0z3/oQgq1qC14NfM0P13oQrckrCtIjgM01jBpQHvMsChprgMU6mGpQMI8qCZmZgMknvxoQiBlrChADhMUJG2oQ1NJsChWkgMkvfwoQLy2pCBVzkMUKcnoQCsaqClDNkMEEYjoQtIvqCtz3kM0coboQHapqCdTCjMU6mmoQueQqCRffiMEaRuoQnvrpCJEAjMEsyyoQNzcpC1NRkMEEYvoQHa9oCFD6kMkWkyoQGZbpCJEIiMEEY6oQXP2pCBAIhMUKc6oQVjXqCpbShM0kYzoQcR5qCdGadMkYMHpQN5grC5oLeMklKPpQ5MzrCVKheM0PZ9oQx6OrCpCHhMUz4GpQloArCFrRgMk3EpoQU1mrCRIJiMkhj1oQuoIsChV6gMEw+ooQVlupCFaslM0GekoQffJrC59ekMEWUYoQ6FkqC9dwlM0bKZoQZpypCpqPgMEzp/oQ 1jj2_RNA_01697_01698_01411_01412
L9oYsC99DiMk9oMpQ35zrCRLiiMUMITpQ/pCtClD1hMU14RpQU4esC5OHjM0xLDpQKc9sCZQ4iM0Jx6oQKx8sCtyBkMUc9yoQIFSsCJaJkM0OfuoQf/EtClBZlMU463oQEYxtCBWplM0gA5oQ35HsCpFhlME99soQbnvsCtHVmM0gAwoQsHJtCRKkmMEsymoQXkhrCZk1lM0hWzoQDXLrCBq+mMECswoQkCXrCxKvnMk9opoQtInqCNcNnMU6m2oQGZXqCpacmM0P1+oQsy1pChqxmMEXPDpQuewqCdTSlME+TBpQx1TrChqBlME8n7oQn61sCxO8hMkml2oQ+vdtClIxiMkAK+oQfEWtCh+xjMk1KtoQaZ4sChgflMkLGApQp//rCJzxlMk5pkoQ/ppsCl+UnMUfYzoQKs5sCp3LnMUq1hoQCTWqCd3BoMEAw0oQovmqC1YnkMkC3HpQEvmrCVcIkMUIo9oQ 1jj2_RNA_01697_01698_01411_01412
LamRnCNJGxMErcwoQ4P5mCluBwMkED2oQep7mC557xME+TooQgV6nCRhbwMkBBroQCsaoCtzPxMU2OmoQDCApC12ZwME8nioQShTpC57vvMEpwroQv01oC9SPvMk8SboQwfuoChqpvMU3kQoQWOopCFCkuME7RooQFDepCZ5YuM0FZcoQHvAqCxg4uMUgVWoQdoFqC98tpM0IbzoQOJaqCRhjqMkR2soQ3kQqC55zrMk8SqoQiBtpCRgNsMkpbvoQ0iUpCpwdrMEoa2oQ14hpCluJqM0FZ4oQyLNpCRKUpMUy2+oQLHyoC5PNsMkuJ6oQpb2oCdnXtMUHa1oQNeZpCVOctM0MzuoQI4loCZKAyMUv+roQRbNoCNlyxMkZVfoQg/UpCZMHxMUeZeoQFQYoCxLtuMkTcdoQ4RLqC1wluM0qApoQweZpC1BXtMEfhZoQ5LaqCJjSuM0SXXoQA92qC9hJqMku/ooQ8MYpCppYoMUD9/oQtpyoCxTnpMUenCpQBGgoCxNNuMEon2oQ 1jj2_RNA_01697_01698_01411_01412
L7RVoChAruMEYlIoQuzrnCVOUuMUhrNoQpwVoC5kQvMUKc7nQJbzoClBZtMEXPIoQ03joCtdGsMEDCFoQv0FpCpaErMkVOHoQR2OpCRLCrME8nSoQtI7oChUopMEShEoQNzApCpFZpMEFuynQuzbpCdRupMEYlVoQ5QbpChr3oMEoaLoQZ7EqCZ62oM0KHHoQR2+oCpwNpMka8doQgqJpCFtAoMktzioQXkppCFXXnMkCXgoQamtoCFYlnM0yhqoQueIoCZkNoMEpwtoQFDynC55rnMUkt0oQMd/nCpacpM0hWooQaRaoCpF5pMkR2goQjqboCF+GsMUu94nQJaGoC9w2rM0AcJoQO3gpCRHYrME6JCoQPmZoC9JXpMU6GGoQvZ8pCZjqpMEa3YoQOATpCtsznMEiVMoQ8ZYqC1TWoM0++LoQhy0oCBSumMUlMuoQLginCNLBqMEsXqoQRzSoC5x1qMkuycoQ 1jj2_RNA_01697_01698_01411_01412
SCORE:     0.000 1jj2_RNA_01760_01761_01783_01784
FOLD_TREE  EDGE 1 2 -1  JEDGE 2 3 1  C2   C4   END  EDGE 3 4 -1  1jj2_RNA_01760_01761_01783_01784
RT -0.996454 -0.0189664 -0.0819718 0.000250353 0.973589 -0.22831 0.0841371 -0.227521 -0.970132 5.81623 -0.478617 -0.635124   1jj2_RNA_01760_01761_01783_01784
ANNOTATED_SEQUENCE: guau 1jj2_RNA_01760_01761_01783_01784
LXk5xChUwkMkArTtQ5QXyCNIAlMknvctQEtEyCR2ujMU3kLtQW5wxCxgImM0fqNtQShjxCNHKmME8nCtQsydxCFYlnMU14+sQIF+wCVjPoMUxgFtQamFyCpacoM0Jx/sQ++dyClDVoMEXP2sQuzLxCBVjpM0gAItQe+yxCdo1pM0gABtQamlxCtzXqMUJG3sQVjLyCZPKsMU2OntQv0JyCtzfsMEYlctQtdayCFCstMU46ZtQHv4xC1hurMkoFVtQBroxCNclqMERLZtQrcoxCdTKqMkArjtQ/U7xC9S/qMUbnrtQpb+xCRLyqMk/U1tQfUUxCZl7oMkZmktQiBJxChUooMUy2atQWOUxClslpMUxgTtQNTFxCd7mlMkNrBtQEc7xCtyplM0rl9sQYIVxCRLfnMkmZ2sQkZbyCxtIoMklOGtQTj0wC9oWqMEhcGtQ1RKyCR2jqMUBLEtQvfZxCFZSrMUXO4sQrlZyCdpzsM0tNstQn6ZyC1b/tMk4SStQ9YnyC5YRuMU1iftQIF4wCR8snMUfuYtQ 1jj2_RNA_01760_01761_01783_01784
L++NzCZ5wnMkDt2sQueQzCBWpmMkvf+sQzMbzChAjnMErcrsQKxozCVN+oM0yh7sQJbrzCBqOqMUc91sQoa8zCpETrME+T9sQv0dzCNclrMEFuFtQlDl0CxL9qMkCXDtQHaJ1C9SHrM0Gv8sQDC0zCx09rMEtIPtQqxj0ChV+rM0kYMtQIwu0CR1QtMUepItQHvozCtyBrMkqxXtQFuuzCJvcrMU2OitQaR+zC12hsMU0iktQRLizCBVjqMkX6ptQvJRzCd8SpMEBWotQKcFzCJxooMUwKwtQQ1MzC1j6oM0hWdtQlYYzCJaxpM0coVtQIsLzCZVhqMUT+ysQ2gA0CliIqMU08usQWMD0C9WJsM0F+3sQLim0CRM6pMkXCGtQeGszC1J+sMkfGStQBw60Cp3vrMEtyStQ3nt0CNf6tMkDuOtQK1lzCpp1qME8hxtQWHAzCRB7nMEfQbtQvzUzCFldpM05ONtQ 1jj2_RNA_01760_01761_01783_01784
LfUE0CpwlsMknvDvQrckzCpEjrMUy2AvQ4P5zCpZmtM0d+LvQdoR0CxKXtM0KH5uQAAw0CVOcuMUKc5uQBr40CRg9uMk8SuuQkCH1CFX3tMkZmnuQO0S0CFsivMEXPouQqxL0Chq5wMkSMruQ4P50CZ7EuMU46cuQmuh0Cd8avMUhrcuQ8S/0CBVbwM0MzZuQdo5zCJGcrME7R9tQLyS0C1NhsMUkt9tQpbi0CB/JtMU2OGuQQgV0C99jsME+TPuQYl7zC1icrMkuJQuQlDtzCVj3qMU0iGuQhrTzChAzpM0NJGuQT30zCRfHrM0MzauQjXK0ChqBsMUGEguQR2e0Cx17sME8nZuQ1HO1CJYGuM09E9uQLuj0CJgQvM0Te+uQZMQ1CB+wvMkjgvuQAS0zCxkCvMkU/puQOaT1CxLJuME7DXuQLZH0CBmhvMER6WuQWGI1CpWTwM03KSuQk1b0CZZ8sMUW71tQmVKzCBmbpMEME/tQP/JzCV+WpMk95MuQc6L0Cx3DsMU22ouQ 1jj2_RNA_01760_01761_01783_01784
LoaczCtyhxME8nquQ2j+yClCnwMEaRwuQepfzChW8yMEnEuuQvJRzClXixMkSMeuQ67rzClCPyM0isWuQYlbzCR0CyM0IbLuQepbzC57nwMkX6IuQUNuyCpbiyMUPKJuQWOsyCtd+yM0kY+tQgVyyCZ6OwME/pFuQnvTyCxJRxME+TKuQHatxCJwSxMEBWEuQOJqyCJb3uMkpbJuQ1NhyCB/5tM0JxBuQpwhyClBJuMUwK4tQktXyCdTqsM0JxFuQzhWyClXSsM0hWQuQ99LyCZ5IrMECsSuQ4PhyCNzUtMEpwXuQzhqyCd8iuMkuJUuQhAN0CBh3xMk+PXuQ6qszC1wTzM0fnYuQGExzCxSqyMk3fGuQmvkyCp2ZzM0sCOuQfDtyCFKOwMkZ98tQ+UJyCxrFxMUnlSuQrjdxChybwM0taFuQR1QyCVy8rMUxZAuQGzhyCFfHtMkHaguQKuyyClJVvM0Z+ZuQ 1jj2_RNA_01760_01761_01783_01784
SCORE:     0.000 1jj2_RNA_02128_02129_02264_02265
FOLD_TREE  EDGE 1 2 -1  JEDGE 2 3 1  C2   C4   END  EDGE 3 4 -1  1jj2_RNA_02128_02129_02264_02265
RT -0.996109 -0.0517441 -0.07134 -0.0402737 0.987287 -0.153761 0.0783893 -0.150289 -0.985529 5.88371 -0.401155 -0.288669   1jj2_RNA_02128_02129_02264_02265
ANNOTATED_SEQUENCE: guau 1jj2_RNA_02128_02129_02264_02265
LMIs4CZ5APLEFuykQ4PV4Cx0dRL0isrkQhAb5C1jyOLkoFvkQvJV4C13fML057nkQ++l4CBB2JL04lqkQU4G4CVixHLkBBikQFDe3CxgAILkrHtkQwf63Cls9HL0yhKkQ78Z4Ch/0GLULy8jQPK82C99THL0gAfkQZ7Q3ChUYGL0NJKkQ03X3CFYlDLE+TLkQkCv0CNdzKLEDCCkQgq90CFuOIL0FZDkQ35j0CBBWGLEBW7jQLyi1CBVjHLUy2LkQW541CNzsJL0GvSkQyLt1ClCXMLUMISkQZ7E1CBVDNLEtIJkQEt00C1MTPLkoFHkQf/M2Cls9NLET3akQkCr2CRLSMLEoagkQyLh2C9nqJL0isbkQ6Ps4CpncJL0nm7kQKvE5CNGqJLEWKikQPhX4Cl+2FLUIWkkQoa33CN7BKL0UqEkQ2Kn2CRsrFLUDckkQgq+2ChbrGLEhT7jQOu72CRboCLkZCLkQfUS0CVAGLLU6Y7jQH1s0CZGbELU7w7jQIyH0Cpl2GLk+60jQnUJ3CBs5MLUQ8nkQ 1jj2_RNA_02128_02129_02264_02265
LU4i4CpFJILUbnljQ6mk4CRgFLLEEYnjQZQI5CtxrGLU6mcjQpw53CNeZHLkqxXjQbnr3C9nqELU46VjQnE/2Cx1jELk9oMjQ0ig2Cx0tFLkWkbjQMI42CJwKGL0hW4iQShH3CJG0ELk78liQe++1CFu+GLkBBQjQqxH2ClBhGLEXP4iQdox1CNzMELUNexiQaR+1Cpw1JLUbnVjQmuZ1CpETLLU0iQjQtd60Cx1TKLEsyHjQ5Qb1C9T9NL0HFWjQEt81CpbSPLk78fjQQ141CFZrRLUjXkjQsHh2ClupNLkArkjQEtg2CZlDLLEShfjQo2r3C1isDL00sljQZrB4CZAiDL0+nLjQV852CNXbCLEbJJjQ6bJ3CJVFILUxI4iQTye1CdPMGLEGSTjQcH91CVzFIL04LtiQHHS1ChEjELUhwxiQdaB1ClgDPL0njSjQaZ92CJzhOL0DgsjQd/82CRW1JLUCTjjQ 1jj2_RNA_02128_02129_02264_02265
LHv0wCR0CcL0HF4iQiBNxCtyBdLUf/KjQKcFwClYQcLktz3iQ/pCxChqBZLEYlziQZQswClXaXLUJGkiQ/U/wCR1oULkR2iiQx1rxC99zULERLciQNeBxCFu+SLU5Q3iQXkZwCRfvRLEAA8iQkCDyCxKnSL0GvkiQtIjxClu5QLE+TxiQkCTxCBW5OLEVjjiQJGQ0CpvfQLkuJLjQDX3zCBVDPLERL+iQhATzC5luPLE8n0iQPKIzCNIQSLUNe5iQgVezCpG/TL01jGjQDCE0CJaBTLUy2PjQGEc0CZ7cULUiBdjQmuJzC55bWLEv0HjQAAoyC5kIWLUkt7iQT3kyCpFpTLU6myiQnxtwCJ5WYLUnOUiQmNKwCRrQXL0eaoiQ4NqwClEkTL0VsXiQujIxCVeKUL09qFjQoOSyCdiSRLE+5YiQeavxCNxzPLk/R/iQdUqxCB0lNLUSIgiQfoC0CFqANLU076iQLq20CJGqTLk0SjjQ2rT0ChwUWLEStgjQgOQyChbuXLk6G5iQ 1jj2_RNA_02128_02129_02264_02265
LGEMwC5QLRLkvfUjQiBZwCRffTLE99hjQtdevCJbXQLEmuTjQPKowCxfqOLUNebjQHalwCV4KMLEUNQjQktLxCdScKLE7RVjQtdyxC1h2LL0d+OjQ5QTxCxJxJLUIwsjQQg5wCtHlHLU14zjQfUUyCxfKLLkoFdjQU4CyC14FJLET3sjQqxLyCVihGL0yhkjQcSkyClCnNLkQgnjQsHNzCFDiNL0kYwjQ8SjzCxJhLLErcwjQIwazCNe5PLEEY5jQMIEzCViRSLU6m6jQNzUzC5OPULEtIDkQFDayCtxLSLUHaxjQ67LyCJw6PLkmZojQk1jwCB5hMLUI4+iQo4HwCFBHLLUBtUjQ4hFxCdUkILESmMjQsuKxCpfZLLEQx3jQ79vyCVqPKLkNEVjQ+iQyCVHEJL0UE9jQfVryCdVMGLEH+kjQSJ4zCRi5PLESv/jQJcFyCpC+TLkTxxjQGnrxCV74PLUGbhjQ 1jj2_RNA_02128_02129_02264_02265
