SEQUENCE: gugu
SCORE:     score                       description
REMARK BINARY_SILENTFILE RNA 
SCORE:     0.000 kieft_GU/2pxe_B132_B133_B175_B176
FOLD_TREE  EDGE 1 2 -1  JEDGE 2 3 1  C2   C4   END  EDGE 3 4 -1  kieft_GU/2pxe_B132_B133_B175_B176
RT -0.995573 0.093975 -0.00177109 0.0939423 0.994262 -0.0511663 -0.00304742 -0.0511062 -0.998689 5.73901 1.24981 -0.132414   kieft_GU/2pxe_B132_B133_B175_B176
ANNOTATED_SEQUENCE: gugu kieft_GU/2pxe_B132_B133_B175_B176
L+TNHBV461CEVjXAQ2O/FB9mEfDk/UDDQYljLBZmZaCknvfCQPKcIB5kYADksd+wPsHFKB9RhfCk++pqv6mELBNHaxCEqGv9v0iMGBdnvDDkEDCBwZQAPBxKHWD0hWk+vLyWUBBqGHDEW5Q+vZQgHBVNelD057nEwOJmNBxeUoD0z3vEw2jiPBNy2ND0bScIwmupCBtz3/E0MzcIwc9IFBlX6wEkuJBKwAAgGBR2O3EUgVeMwlDNGBJwKdEkCXPJwPffEBBBWZEkArcFwtI7BB9mEnE0Of/Bw8S3ABBrc8EklDtDwoFZ9Ad8SLF0bSMBwQg1ABtd+cEkBBW6vqGvCBNepJEUdTi7viBBFBVjXGEEDCsCwyAAHB1weGCErjasvcRwNBdSOQCUKitRPIwpMBdgEWCUp6IBwknwOBx+6sDEdiw3vY8KGB1vEhDUI8YIwAqYPBdf+DEUh4cFwKxjOBdgdaDUGvNKwy2ECBlEaOFUu1OJwOTUIB5CBtEEA7tNwbGtFBxqJGFEbjENw9FiCBR9k6D0oCjyv kieft_GU/2pxe_B132_B133_B175_B176
LpbyYB5QLiDULy23viBhWBxLdrDUIwKrPoa8dBVO0KDkVO04vShLZBhU4GE0Jxg+v8SXaBZmZGEEue0Ew03vZBxeUcEkpbSHwNeJUBpEDiEkCXvHwvJRcBxJxuE0fqREwU46gBNy2vE025bFw14lTBtyh4EUgVOHwIFOZBltzBF0hWkGwgVObBNJGIFUzMzJwv0NQBJFu8Ek/UjCwRLyNBtyhQFkvfKCwIwKOB9naeFE/pmFwLy2KBBVjTFE+TN7vmZGKBFtIFFEAAAsvbnvHBNc9KFUHaRyPXPqMB5P1wE0coFxvYljPBVNetEkQgV9v8SsXBFDO2Dkd/3GwDxeeB9mtAEE7edFwKB3bB1gFbE0BXkJwcYCcBBxHtEkGbz/vWuvRBl8zAFUlYUJwThhZBhiJQFk0oCEwhlHZBtZkUFUT0eKw1tEJBhGzhFkK4Y6vgCPMBp6IkE0HHCkPkffRBZrzdEEMJa+v kieft_GU/2pxe_B132_B133_B175_B176
LzMzkAhrH3GUepb5vwfqgAxeUtG0kYQwvY6maA99T+G01jC/vKc9tAZQgzGk9owAwRLyzAtxL7GECsyDwhAr7Axfq1G025bHwBr8BBNHawGkQgVEwdoF3Ad9osGUGEYJwOJGyAZ78wGkU4qLwoF5DBRKcnGklDNHwsyhABVjXmG0P1IKwvJRDBtHFrG0LdTMw67HKBhVOBG01jiEw35bLBhpbIGksdOIw99zOBpa8EGEEYFKwiWkJBd8SSGkmZWIwlDNGBFueUGUhrnEw67nEBlX6NG0OffAwXPqGBx0NDGkVOUAwqxrFBJGE4FUJGE6v/pGBBx0NTGkqxL6v14lABJFucGUepb+vJGkDBBAAeGka8yDwjCE4AVsqAHkshGBw8+PuApnEAHUZ2LGwxyl+ApEF8GUlGCJwryzwABIDoGUuGWIwOcFIBRAKoGksdPIw2WP/AFALeG0QtyKwm5gGBBBvmGUeSvMw+RyLBVQ7zF0sYvEwPr7PBdKzJGEcokLwEwOQBxf96FkXr/JwbnF8AJcCjG047A7v kieft_GU/2pxe_B132_B133_B175_B176
L3kYoAFCsqGEsyBNwueUgAZQgoGUIw6KwkCXlAJGExGUIwaPwsyhtAhArfGE+T9NwEYl0AZmZfGkrHFQwEYl5ApvfUG0coNQw++JABJaRSGUhrHOwoa8xAdoFLG0OfPQwsyhtA5luJGEXPiRwShLAB9mEHG057nNwZQg5AZ78BG0hW0PwjX6/AxJx+F0fqBRwCsy7AZPKFG0xL9KwEtI+AZlD3Fk78tJwPf/BBtcopFkWktKw3kY5A1NJ0FUO0iGwhAryAVMIBGUep7DwZ78uAd8S9F0NJG/vMIwwAZ78KG0HFuGwpbS1A14lMG0OfvJwcR56A9RclGE1Y6PwYZQwAxaYhG0/XARwbq39A9O1UGUSELRwag9qAdEFMGEuyKPw8nGEB1nGDGkk2rNwy0Q1ANmG1FUbJSPw3HbCBtuvyFkIkyQw6q76A5WUmFk+XrEwYdjrARFHRGEnW8EwswuzApDMUGUfJyKw kieft_GU/2pxe_B132_B133_B175_B176
SCORE:     0.000 kieft_GU/2pxe_B175_B176_B132_B133
FOLD_TREE  EDGE 1 2 -1  JEDGE 2 3 1  C2   C4   END  EDGE 3 4 -1  kieft_GU/2pxe_B175_B176_B132_B133
RT -0.991734 0.0996495 -0.0808299 0.108817 0.986994 -0.118329 0.0679872 -0.126147 -0.989679 6.04686 1.15799 -0.691892   kieft_GU/2pxe_B175_B176_B132_B133
ANNOTATED_SEQUENCE: gugu kieft_GU/2pxe_B175_B176_B132_B133
LzMzkAhrH3GUepb5vwfqgAxeUtG0kYQwvY6maA99T+G01jC/vKc9tAZQgzGk9owAwRLyzAtxL7GECsyDwhAr7Axfq1G025bHwBr8BBNHawGkQgVEwdoF3Ad9osGUGEYJwOJGyAZ78wGkU4qLwoF5DBRKcnGklDNHwsyhABVjXmG0P1IKwvJRDBtHFrG0LdTMw67HKBhVOBG01jiEw35bLBhpbIGksdOIw99zOBpa8EGEEYFKwiWkJBd8SSGkmZWIwlDNGBFueUGUhrnEw67nEBlX6NG0OffAwXPqGBx0NDGkVOUAwqxrFBJGE4FUJGE6v/pGBBx0NTGkqxL6v14lABJFucGUepb+vJGkDBBAAeGka8yDwjCE4AVsqAHkshGBw8+PuApnEAHUZ2LGwxyl+ApEF8GUlGCJwryzwABIDoGUuGWIwOcFIBRAKoGksdPIw2WP/AFALeG0QtyKwm5gGBBBvmGUeSvMw+RyLBVQ7zF0sYvEwPr7PBdKzJGEcokLwEwOQBxf96FkXr/JwbnF8AJcCjG047A7v kieft_GU/2pxe_B175_B176_B132_B133
L3kYoAFCsqGEsyBNwueUgAZQgoGUIw6KwkCXlAJGExGUIwaPwsyhtAhArfGE+T9NwEYl0AZmZfGkrHFQwEYl5ApvfUG0coNQw++JABJaRSGUhrHOwoa8xAdoFLG0OfPQwsyhtA5luJGEXPiRwShLAB9mEHG057nNwZQg5AZ78BG0hW0PwjX6/AxJx+F0fqBRwCsy7AZPKFG0xL9KwEtI+AZlD3Fk78tJwPf/BBtcopFkWktKw3kY5A1NJ0FUO0iGwhAryAVMIBGUep7DwZ78uAd8S9F0NJG/vMIwwAZ78KG0HFuGwpbS1A14lMG0OfvJwcR56A9RclGE1Y6PwYZQwAxaYhG0/XARwbq39A9O1UGUSELRwag9qAdEFMGEuyKPw8nGEB1nGDGkk2rNwy0Q1ANmG1FUbJSPw3HbCBtuvyFkIkyQw6q76A5WUmFk+XrEwYdjrARFHRGEnW8EwswuzApDMUGUfJyKw kieft_GU/2pxe_B175_B176_B132_B133
L+TNHBV461CEVjXAQ2O/FB9mEfDk/UDDQYljLBZmZaCknvfCQPKcIB5kYADksd+wPsHFKB9RhfCk++pqv6mELBNHaxCEqGv9v0iMGBdnvDDkEDCBwZQAPBxKHWD0hWk+vLyWUBBqGHDEW5Q+vZQgHBVNelD057nEwOJmNBxeUoD0z3vEw2jiPBNy2ND0bScIwmupCBtz3/E0MzcIwc9IFBlX6wEkuJBKwAAgGBR2O3EUgVeMwlDNGBJwKdEkCXPJwPffEBBBWZEkArcFwtI7BB9mEnE0Of/Bw8S3ABBrc8EklDtDwoFZ9Ad8SLF0bSMBwQg1ABtd+cEkBBW6vqGvCBNepJEUdTi7viBBFBVjXGEEDCsCwyAAHB1weGCErjasvcRwNBdSOQCUKitRPIwpMBdgEWCUp6IBwknwOBx+6sDEdiw3vY8KGB1vEhDUI8YIwAqYPBdf+DEUh4cFwKxjOBdgdaDUGvNKwy2ECBlEaOFUu1OJwOTUIB5CBtEEA7tNwbGtFBxqJGFEbjENw9FiCBR9k6D0oCjyv kieft_GU/2pxe_B175_B176_B132_B133
LpbyYB5QLiDULy23viBhWBxLdrDUIwKrPoa8dBVO0KDkVO04vShLZBhU4GE0Jxg+v8SXaBZmZGEEue0Ew03vZBxeUcEkpbSHwNeJUBpEDiEkCXvHwvJRcBxJxuE0fqREwU46gBNy2vE025bFw14lTBtyh4EUgVOHwIFOZBltzBF0hWkGwgVObBNJGIFUzMzJwv0NQBJFu8Ek/UjCwRLyNBtyhQFkvfKCwIwKOB9naeFE/pmFwLy2KBBVjTFE+TN7vmZGKBFtIFFEAAAsvbnvHBNc9KFUHaRyPXPqMB5P1wE0coFxvYljPBVNetEkQgV9v8SsXBFDO2Dkd/3GwDxeeB9mtAEE7edFwKB3bB1gFbE0BXkJwcYCcBBxHtEkGbz/vWuvRBl8zAFUlYUJwThhZBhiJQFk0oCEwhlHZBtZkUFUT0eKw1tEJBhGzhFkK4Y6vgCPMBp6IkE0HHCkPkffRBZrzdEEMJa+v kieft_GU/2pxe_B175_B176_B132_B133
SCORE:     0.000 kieft_GU/2pxk_B132_B133_B175_B176
FOLD_TREE  EDGE 1 2 -1  JEDGE 2 3 1  C2   C4   END  EDGE 3 4 -1  kieft_GU/2pxk_B132_B133_B175_B176
RT -0.999461 -0.00848754 -0.0317244 -0.00176607 0.978518 -0.206154 0.0327926 -0.205986 -0.978005 5.817 1.10636 -0.329267   kieft_GU/2pxk_B132_B133_B175_B176
ANNOTATED_SEQUENCE: gugu kieft_GU/2pxk_B132_B133_B175_B176
LIFSNDxfqlEsmZsnQbnTNDdoFRE8yhgnQx1BND9ow1EsBBmnQHaPND9TNgE81jCoQEtKNDBrcwEsoFKoQaRGNDd9omEsU4UoQ2OZNDdTibEM/pYoQVj1MDZlDVEMRLVoQpbgMDFtIdE8bSVoQkCTNDVjXKEcKcfoQ9o6MD1hWKEcIwfoQbnzMDVO0WE8LdooQT3iNDdnvvBcktmoQsyZNDNy2VCM7RtoQXPUNDFueICcJG3oQlYWND1NJ+C8LdqoQO0cNDxKHGDM+TgoQAAmNDhpbqCMqGZoQmupNDlsd+BM+TcoQ67xNDhqxDBsuJXoQPKqNDBqG/C8LdPoQamjNDNdTmD8d+QoQKcbND9S3sD8jCboQYMYNDduq7E8AsKoQMv8MDFav5EsZbHoQYLBND93O0EMI2ZoQgx1MD9olKE8TGOoQGlYNDVEdLEMZxnoQEpyMDF/l1D8vqgoQtN3MDNuXPEMxTvoQcskNDhOn0AssnpoQGjNNDhr8cCMnQ8oQUyWND5eOUBcyP5oQJkkNDlwc/D840KoQ kieft_GU/2pxk_B132_B133_B175_B176
LamNMDhrHPE8NJQoQPfTMDx1jKEcy2EoQvJ5LDJaRaE8fqSoQjXOMDJFuyDMCsWoQNeHMDxKHyDspbhoQcSKMDNdTGDsoFmoQLygMD1jC7C8fqloQv0/LDR14hCslDgoQTipLDlsdeCcJGioQR2iMDtHFOCM8nkoQMIMMDltz3BssdkoQepFMDhVOkBMDCvoQjXuMDZlDFCs9oaoQgV4MDpa86A8isZoQNz4MD1NJGA8d+goQ03BNDZPKsAMAAQoQBrCND9RhjBssdHoQLyKNDZ5QLBsBB+nQ5l4MDJaRaC80NJoQhAvMDFXPiCMShSoQxnQMD5MuEE8SKmoQHi2LDt0h7DcQ7hoQ5dDMDRF4IDMPLuoQvnAMDtcXlCMxTXoQJerMDVYL7BstFroQudJMDRx+8AMG1foQbBOMDxvGyA8ruxoQU7INDNtTm/LTDPoQLv4MDZQyyC894CoQXXnMDpimBDsStToQ kieft_GU/2pxk_B132_B133_B175_B176
L2jgODRKctDUKcPoQrcqODxgALDUf/IoQiWuOD1MzGEU14UoQLyQODxJxYD0d+XoQoaEODpw1zDkDteoQwf0NDNdTaDUJGloQsHlND9TNGDEDCeoQNe9NDZ6m0CkVOroQmuHODxKHCDUkt0oQGZdNDxeUgC025ioQ+TpNDlX6aCEuetoQKxcNDBVjrCka81oQWOKNDJbnv5jYQboQFDEND1NJG+T0ijoQFu2MDhrHF8DpwqoQzhKNDx1jSAkArkoQAAYNDd++pA0MzcoQ/UfNDtco1/T5QUoQJGYNDBBWZ8jlDToQpbcND989T5rU4LoQ8StNDhpbqAkEDOoQ78tNDFZ70BktzSoQvJhNDd9o4BUIwboQm37ND5u3FEEz3ZoQ18OOD5qwCEEeMkoQpotND5tqxDEEtqoQo7JODt+5iCko2moQqNMNDpdogCUVzkoQewsNDN/szBEE8voQ+zPNDxbNZCEe+2oQ0TENDJDwx8b+FboQKwxMDhpDJ+Ti9woQLuxMDdD8Y77m9poQJt3NDpKdVCU37PoQ kieft_GU/2pxk_B132_B133_B175_B176
LiWcODlDtoC0254oQcSqODFYlfCkWkvoQO0kODRgVCDkBBCpQY6SOD56R5BU5Q9oQ35DODBrc4B0JxFpQGZ5NDNy2hAUbnGpQc9sNDBrcQAkoF9oQwfIODZPKs+DRLHpQpwPOD9mET+jDtRpQdTsNDFtIb9D+T7oQPK6NDFYlD5zP1DpQ/UtNDNepb6rSMMpQ1N1NDFCsS8DmuwoQsyvNDNdTi87xLsoQEYjNDRf/0+bKcwoQsH5NDh/Uj9rsdioQBrGODJEYl1b14coQ4PNODlCXP7rlDUoQ1NLOD5P1Y+TGEioQxgCODpvf6+T6mroQFo3NDJy2UCUkdEpQH7LODtZ7DCUbXNpQ/+vNDlHllAEiCOpQ6KXOD9878+zubCpQqYcNDxWmI7jez7oQiQDOD9wLv8r4EBpQHTkNDNDTH+7YeJpQRv1NDNwsi/rFGfoQvzVODJC52/jeMeoQnIGODpj2aA0BevoQ kieft_GU/2pxk_B132_B133_B175_B176
SCORE:     0.000 kieft_GU/2pxk_B175_B176_B132_B133
FOLD_TREE  EDGE 1 2 -1  JEDGE 2 3 1  C2   C4   END  EDGE 3 4 -1  kieft_GU/2pxk_B175_B176_B132_B133
RT -0.980992 0.126352 -0.147278 0.153059 0.970361 -0.187009 0.119283 -0.205996 -0.971255 5.77771 0.704017 -0.782007   kieft_GU/2pxk_B175_B176_B132_B133
ANNOTATED_SEQUENCE: gugu kieft_GU/2pxk_B175_B176_B132_B133
L2jgODRKctDUKcPoQrcqODxgALDUf/IoQiWuOD1MzGEU14UoQLyQODxJxYD0d+XoQoaEODpw1zDkDteoQwf0NDNdTaDUJGloQsHlND9TNGDEDCeoQNe9NDZ6m0CkVOroQmuHODxKHCDUkt0oQGZdNDxeUgC025ioQ+TpNDlX6aCEuetoQKxcNDBVjrCka81oQWOKNDJbnv5jYQboQFDEND1NJG+T0ijoQFu2MDhrHF8DpwqoQzhKNDx1jSAkArkoQAAYNDd++pA0MzcoQ/UfNDtco1/T5QUoQJGYNDBBWZ8jlDToQpbcND989T5rU4LoQ8StNDhpbqAkEDOoQ78tNDFZ70BktzSoQvJhNDd9o4BUIwboQm37ND5u3FEEz3ZoQ18OOD5qwCEEeMkoQpotND5tqxDEEtqoQo7JODt+5iCko2moQqNMNDpdogCUVzkoQewsNDN/szBEE8voQ+zPNDxbNZCEe+2oQ0TENDJDwx8b+FboQKwxMDhpDJ+Ti9woQLuxMDdD8Y77m9poQJt3NDpKdVCU37PoQ kieft_GU/2pxk_B175_B176_B132_B133
LiWcODlDtoC0254oQcSqODFYlfCkWkvoQO0kODRgVCDkBBCpQY6SOD56R5BU5Q9oQ35DODBrc4B0JxFpQGZ5NDNy2hAUbnGpQc9sNDBrcQAkoF9oQwfIODZPKs+DRLHpQpwPOD9mET+jDtRpQdTsNDFtIb9D+T7oQPK6NDFYlD5zP1DpQ/UtNDNepb6rSMMpQ1N1NDFCsS8DmuwoQsyvNDNdTi87xLsoQEYjNDRf/0+bKcwoQsH5NDh/Uj9rsdioQBrGODJEYl1b14coQ4PNODlCXP7rlDUoQ1NLOD5P1Y+TGEioQxgCODpvf6+T6mroQFo3NDJy2UCUkdEpQH7LODtZ7DCUbXNpQ/+vNDlHllAEiCOpQ6KXOD9878+zubCpQqYcNDxWmI7jez7oQiQDOD9wLv8r4EBpQHTkNDNDTH+7YeJpQRv1NDNwsi/rFGfoQvzVODJC52/jeMeoQnIGODpj2aA0BevoQ kieft_GU/2pxk_B175_B176_B132_B133
LIFSNDxfqlEsmZsnQbnTNDdoFRE8yhgnQx1BND9ow1EsBBmnQHaPND9TNgE81jCoQEtKNDBrcwEsoFKoQaRGNDd9omEsU4UoQ2OZNDdTibEM/pYoQVj1MDZlDVEMRLVoQpbgMDFtIdE8bSVoQkCTNDVjXKEcKcfoQ9o6MD1hWKEcIwfoQbnzMDVO0WE8LdooQT3iNDdnvvBcktmoQsyZNDNy2VCM7RtoQXPUNDFueICcJG3oQlYWND1NJ+C8LdqoQO0cNDxKHGDM+TgoQAAmNDhpbqCMqGZoQmupNDlsd+BM+TcoQ67xNDhqxDBsuJXoQPKqNDBqG/C8LdPoQamjNDNdTmD8d+QoQKcbND9S3sD8jCboQYMYNDduq7E8AsKoQMv8MDFav5EsZbHoQYLBND93O0EMI2ZoQgx1MD9olKE8TGOoQGlYNDVEdLEMZxnoQEpyMDF/l1D8vqgoQtN3MDNuXPEMxTvoQcskNDhOn0AssnpoQGjNNDhr8cCMnQ8oQUyWND5eOUBcyP5oQJkkNDlwc/D840KoQ kieft_GU/2pxk_B175_B176_B132_B133
LamNMDhrHPE8NJQoQPfTMDx1jKEcy2EoQvJ5LDJaRaE8fqSoQjXOMDJFuyDMCsWoQNeHMDxKHyDspbhoQcSKMDNdTGDsoFmoQLygMD1jC7C8fqloQv0/LDR14hCslDgoQTipLDlsdeCcJGioQR2iMDtHFOCM8nkoQMIMMDltz3BssdkoQepFMDhVOkBMDCvoQjXuMDZlDFCs9oaoQgV4MDpa86A8isZoQNz4MD1NJGA8d+goQ03BNDZPKsAMAAQoQBrCND9RhjBssdHoQLyKNDZ5QLBsBB+nQ5l4MDJaRaC80NJoQhAvMDFXPiCMShSoQxnQMD5MuEE8SKmoQHi2LDt0h7DcQ7hoQ5dDMDRF4IDMPLuoQvnAMDtcXlCMxTXoQJerMDVYL7BstFroQudJMDRx+8AMG1foQbBOMDxvGyA8ruxoQU7INDNtTm/LTDPoQLv4MDZQyyC894CoQXXnMDpimBDsStToQ kieft_GU/2pxk_B175_B176_B132_B133
