SEQUENCE: ugua
SCORE:     score                  description
REMARK BINARY_SILENTFILE RNA 
SCORE:     0.000 1jj2_RNA_0785_0786_0860_0861
FOLD_TREE  EDGE 1 2 -1  JEDGE 2 3 1  C4   C2   END  EDGE 3 4 -1  1jj2_RNA_0785_0786_0860_0861
RT -0.987674 0.0863275 0.13057 0.0749291 0.993134 -0.0898325 -0.137428 -0.0789417 -0.987361 5.78122 -1.91574 -0.286288   1jj2_RNA_0785_0786_0860_0861
ANNOTATED_SEQUENCE: ugua 1jj2_RNA_0785_0786_0860_0861
LfUEzCNeZaME8nKnQe+KzCBW5ZMkDtgnQKcpzC1N5aMkBB+mQxggyC12hbMUPKMnQWOQyC1jKcM00N5mQvJpxC5l+cME8n+mQnvHxCJFGcMEaRGnQY6uxC989dM0P1QnQzMDyChALfMU46JnQgVuwC56xcMkWkVnQvJBxCBVLeME8nYnQT3owCNyGfME/pMnQlDtwChUAcMEShpnQpbKwCpwNcM04l2nQamtvCJb/cMU46xnQ5lKwCJbfbMk9oEoQKcpwCBBmaMUc9HoQgqlwCFsCaMknvQoQZQMxCV4aaME8nAoQT3MxC5OHbMEnEvnQuGIyCpKabMUdHtmQ63oyC5N0cM0jKymQ6rhxC13gdM0btvmQJ0DyCZdmdMkytdnQb+MwC9d6cMkaZQnQVs/wCNzkeM0EApnQxcLwCJTLfME23SnQevxvCdYobMkPkJoQ9UmxCF9tZMErgCoQfznxCt49aMkr+jnQ 1jj2_RNA_0785_0786_0860_0861
L46VyCdSMgMEEYbnQOJyyCpZefM04lqnQ2jmyCBqWhM0IbPnQxgsxC9RpgM0HFonQzhuxCpa8gM0eU+nQ2ODxClBZhME99CoQEYlwCZPSgMUwKCoQXkBxCB/xhMUepOoQyLRxCtdGjME+TQoQBWJwCV4SgMkrHLoQpbSwCBBmhMERLRoQue4vClYoiM0HFNoQxgcvC13ndMkTiroQ3kIvCRhreMUbnmoQfUkuCFXHfMEDCroQwKXvCBWRfMka8doQx17vCBBueMkvfaoQaRSwCdTqdMknveoQgVCwCNHCdMUGEooQgqRwCZkFcMklDtoQpb2wCJxYdMkDtYoQKc1wCtyReM0HFRoQqGTwC5kIfMkR2RoQOXGyC1yuhMUQoAoQW74xCFmDgMUDqDoQDu7wCRgQiMk1y7nQy4VxCFHKhMUG1ToQk1mvCp4RgMUzZJoQ63LwC5vlhM0K0ZoQf4ZvCtHdiMk49OoQS0OvCV+PdMkWHyoQDjUuCJe4fMEqvnoQT6YuCdNreMkfnxoQn4NxCRSWeMU0wKoQ 1jj2_RNA_0785_0786_0860_0861
L++xtCR2eXMkTilpQY6OuCxfiWM057fpQU4GtClXCXMUc9opQWOstCVMwYM0HFepQdoNtCJxwZM0fqgpQWOQtCpG3aMEYlYpQAA8tCBBWbM0LdYpQHvItCpacaMUiBNpQWOcsC1NZaMkZmKpQ5lGuCpbybMkBBOpQzMftC55jbM0d+GpQdTGtC9SvcMEDCHpQyLtuCV3EbMkmZKpQjsFvCNdrbMEVjCpQiB9uCJxwcMEmu+oQNzovCx09aMk/U/oQCB2vC13vZMUGEDpQ/pWwCFXPZMUdT/oQJbbvCx1LZMkYQLpQKx4uC1h2ZMkWkOpQJ1TtC5HKaM08topQ8MtsCBUVZMEjwgpQk73sCpflbM0AObpQQbUtCBtbZMUmKLpQUSOuCdA3cMExjNpQkdktCBXUbMEGg+oQerVtC1bddME5BDpQ9y6vCRQYbMUjl5oQXfjvCBWNYM0gyOpQbvkuCR9ZZMkb3UpQ 1jj2_RNA_0785_0786_0860_0861
LbnLsCJvkZME7RApQkCrsCBVjYMkX68oQwKfrCxfKZMkX6CpQdoJsChAraMkoF3oQShvrCBq2bMUzM4oQtI3rCluxcM0z3uoQhAjsCtcQdMEnEvoQY6yrCxKHcMUf/joQMdHrC5PFcMktzgoQtIzsCFYVdMUNekoQpwNsCNeBdME99coQbn3rC1hOeMUO0aoQ8S/uCVNGcMERLRoQb8iuCNzEdMEVjPoQFu+tCFYVdM0GvUoQWO4tC99bcMkTicoQjXSuCVjXbMEtIfoQqx3uCtHNbMEqGZoQSMUvCVNOaMEsyaoQKcBuCNepaMU6mnoQOJetC1jSbM0d+poQO0WtCxJZcMUepjoQuK3rCZrXcMkvu/oQkfNrCx1kbM0ok4oQpoerC1ujdMEuyvoQJJ9rCpzDbM0P6joQN5/sChFUeMkiEioQC9UsChBlcM0RIVoQ6uJsCBP0eMkqMWoQQoquCR6wdMUz+IoQ3buvCVEKaMksOWoQWMPvCFejZMUmmgoQfdItCtu+aMkSdwoQ 1jj2_RNA_0785_0786_0860_0861
SCORE:     0.000 1jj2_RNA_0949_0950_01017_01018
FOLD_TREE  EDGE 1 2 -1  JEDGE 2 3 1  C4   C2   END  EDGE 3 4 -1  1jj2_RNA_0949_0950_01017_01018
RT -0.997588 0.0612169 0.032709 0.0564136 0.989683 -0.131701 -0.0404339 -0.129538 -0.99075 5.92664 -1.76646 -0.231761   1jj2_RNA_0949_0950_01017_01018
ANNOTATED_SEQUENCE: ugua 1jj2_RNA_0949_0950_01017_01018
LlYAGCFsyMJ0KHQsQhrPGCR1YRJ0IbXsQepTGCZ5QHJ0w1TsQ35zGCJFuNJ0bSFsQe+uGCVj3JJ0Jx8rQYljHCdSsLJk/UzrQcS8GC5PVQJ0FZurQEY9IC14lNJUf/1rQkC3JC56RJJkmZ3rQf/8HCR2uTJkYQqrQzMTJCpEDRJ0hWsrQYlrJCpEDOJ0bSjrQpw1HCFu+YJksdvrQ/ULIChpbdJ0LdprQ99jIC1NJdJEUNgrQhADIChVOiJUepurQuznHCFDCjJ0d+4rQEtgHCtconJUgV8rQhATHC13PeJknv+rQ2jaHCBAgZJkX65rQyEsFCBMUJJ0VS6rQLWGHCdG9FJkEj/rQGRnHCBCJIJ0oJurQ9iBJCNnzPJk9k9rQI64HCl9bUJEolhrQCuJKCVcuTJkf1trQS+4JCt2hQJUEPdrQVkSICZDglJ0neqrQ3C9GCdSfeJUWGHsQgSKHCJg3VJklc+rQ 1jj2_RNA_0949_0950_01017_01018
LnELLCxfKKJkmZ+rQlYwKCBWZMJEZ7IsQGEAMCpGPFJ0d+9rQ997LCNepOJ0Jx3rQvJxMCtyhSJkX68rQ6mUNCpbSWJUep0rQhrPMCFZbZJ0gAwrQLHSOCxggaJUhr4rQHvkPC5kYYJ00N6rQ2OvMC9mkeJERLtrQqGPOCJGkeJkArvrQ+T9OCxe0cJ04lmrQHaJMCNdTyJ0P10rQfU4MC1h2vJ057srQPKkNC14FzJE+TmrQkt7MCJbnqJEYlrrQzMLMCRf/nJEv0yrQHaZLC9mEqJ0576rQkCXLC5QrvJUjX8rQ67vKC56RyJEUNDsQ9owKCJxAmJ01jAsQb8KLCtcohJUc97rQhADMCpEjiJkArzrQ4ilNCNwhQJkCNBsQ/6LMC9kwUJ0o5CsQFP2NCRHqTJUc/urQ90AOC9vJcJkgjAsQdaoMCpZwfJ0zvkrQmGsOC9eaiJ0r4xrQYs5OCBBmfJ011grQCjLMC93S2JUzN1rQ/JHOC93hxJ0mYgrQ8whNCVdD3J08TnrQUu2KC52mdJUIf+rQ 1jj2_RNA_0949_0950_01017_01018
LR22JClYANKU0i6rQ/UrICNH6LKEEYAsQRLqJC12JPK0yhyrQhrnKCh/kKK0570rQMdzLCdTCLKUhrurQf/cMClXaIKU3krrQqG3MCpa8GKEnE1rQXklLCJwaGKU6mlrQv0dLCR0CHKEYlarQ46xMCluJEKEDCzrQaRWMCh/0DK0kYnrQ2OfNC5PlDKUO0grQ++xLClD9CKEXP6rQhrvLC5QLAKEZ76rQvJhMCRKc9JEnE2rQvJxKCRgV+J0OfBsQgV2JCpZmAKk/UHsQpbCJCRLy+JU46MsQlD9JCpacDK0bSGsQvJ5KC13fEKk++/rQHYhMCtFQMKU6OzrQMYjLC5tKMKUnZnrQD+RNCJEAJKk6RmrQW5iKCV8WGKE+aorQu/tNCRBCDK0++zrQPwvLCtADCKUsilrQOk8NCZH2BKEsWirQT3tKC9SW6JEzECsQkuQJCxmwEK0xqKsQtP9KClDsGKkcT/rQ 1jj2_RNA_0949_0950_01017_01018
LqxTKCxfqFKkWkTrQgqJJC9mEFK01jarQJbHKCdRWHKkX6JrQlD9KCB/5CKkX6PrQOJ+LCFY1CKktzHrQ7RJMCxJBAKkDtDrQ3koMCRhr8JE+TMrQ033KC56R9JE99/qQepjKCNzs+JEUN1qQsyBMCJGk3JECsLrQPfPLCtIb3JUzMBrQY6GMCdSs1JUf/4qQZQQJCd9oqJkoFjrQLy+JC1h2pJ00NarQktrKC9SXtJUNeUrQgVmKC56RyJktzYrQvJ5JC9TtzJU14hrQktLJCVMovJkSMnrQ0icICZ7cwJk++vrQRLCKC57H5Jk++jrQShzKCh/06J03PcrQqxLLCNH62JUwKVrQpJ7MCVSkDK0kELrQjwsLCJuKEKEzJBrQa80MCVAPAKUy28qQcp+JCpeb+JEOjErQbttMCNLI0Jk7jLrQzoXKClsw0JkCvArQYHVMCZ+0xJE0E6qQyAAKC92tlJklPXrQTc9HClaZtJUvZzrQaYYICRUH0JU2IzrQa3HLCJmB/JkldbrQ 1jj2_RNA_0949_0950_01017_01018
SCORE:     0.000 1jj2_RNA_01047_01048_01066_01067
FOLD_TREE  EDGE 1 2 -1  JEDGE 2 3 1  C4   C2   END  EDGE 3 4 -1  1jj2_RNA_01047_01048_01066_01067
RT -0.993311 0.111331 -0.0306244 0.115465 0.956513 -0.267863 -0.000528804 -0.269607 -0.96297 5.76283 -2.0475 -0.00719336   1jj2_RNA_01047_01048_01066_01067
ANNOTATED_SEQUENCE: ugua 1jj2_RNA_01047_01048_01066_01067
LepzRC5O//KUf/lsQIwKSCNHa9KkBBhsQFuuSCpvPBLknvtsQMIYQCZPq/K0IbrsQMdrPCdS8BL0covsQSMQOCZ7MBLk8SysQjXiNCpbiALEVjosQPKEOCVNu+KEUN5sQMIQOCR2O/K03PEtQEYlMClYg+KkDtqsQZQoMCFu+9Kknv2sQLyuLCtdu/Kk787sQJG8MCxKH8KUNeksQ+T9LClDN6KkEDjsQIF2KC55b6KUO0msQ+TVMClBB4KUMIdsQNzkNCFsi3KUepYsQjXyNCV4a1KE99TsQdTiOClCn5K0OfasQoaMOC9Rx7KkSMgsQxAsPCNLlDL0bxpsQu6LQCZqrCLkO32sQyb3NCRO9CLEGn2sQ8lyOCt5H9KEMh3sQkviLC1eA/KEStosQ9hXMCth97K00h5sQ1nyKCdzM/KUrM6sQpjoLCpUn2KUw8bsQygjPC1Rb5K03OXsQLr8OC1qV9KUhghsQ 1jj2_RNA_01047_01048_01066_01067
LjstOC1418KE99LtQTipPCNdD7KU2OGtQxgIPChWE+KkSMWtQZQYNCdSM7KE99NtQGEQMClXa8KEAATtQyLFLC9Rh6K0P1StQQ1oKChWE6KU14HtQAAYLCx0t3KEv0WtQnEbLCBBm3K0NJitQ03HKCRhb3KUc9GtQOJOKC1NJ2KEDCStQZQAJC14l2KUxgXtQrcQKCBrcvKEAAusQKxQJCZ5QwKEv00sQmuJICBAwuKUiB1sQCBWJCB/ZyKUf/6sQ7RhKCRKszKknv5sQT3kLCd8CzKkrHzsQzheLCBAwwKU3kssQktTMCNy2vK0xLmsQ/pmMCFt40KERL0sQ2jKMCdol2K0bS7sQFD6KC5l+1KUf/+sQkN/LChuR+KEV2OtQm1fMCtq88KEbTbtQoeVKC9we7Kk2BYtQs5WMCBq82Kk+UUtQjcEJCdST3K0kfEtQ2KYKCJG+zK04aStQZoRICpch1KEAFUtQkHGKCtnytK0AupsQlEZHCB1PvKUF15sQ3fFICBSItKUPYwsQqovMChFV4K0fC+sQ 1jj2_RNA_01047_01048_01066_01067
LJGELC9RhgKUkt3rQwK/LCR0iiKUwKzrQBWRKCltzeKUHawrQlDFKCh/EiKU3k/rQgVGJCdSsgKUy2FsQNehICRLiiKk/UOsQ4PlJChrXjK01jVsQnE7HCZPKlK0OfKsQCBmGCBq2kKUIwGsQT3UJCxgAmKkYQZsQtd+HClC3mKU3kUsQBr8GC5lOmKEW5bsQMdbKClYwnKEpwVsQGZrKC1MDqKE/pbsQ++BKCtIrqKkTijsQ14tLC14lrKk78XsQiBhMCBBGrKERLPsQ35bNCR1osKklDNsQ0iMMCNzsoKEueJsQWOMLCZmJnKUy2MsQzVjJCl87eKUktJsQJfSICp98fKEsrAsQGMuHClSWhKkTDSsQE5cICdaCmKkZnDsQc6PJCN/NmKUZ/hsQYQ2HCtRApKkq7SsQP3BHChSZnKUUXisQpn6LCV7QtKEfDcsQahxMC9lIoKUQVCsQrf9KCNGUlKEZXIsQ 1jj2_RNA_01047_01048_01066_01067
LmuBGCVO0mK04l9rQKxIHCtH1nKEpw2rQLH6ECNJWlKE8n4rQepbFChWUpKU14DsQdodECNIApKU5QMsQaReECRhbrK0OfTsQwfyFCJFurKkVOYsQf/MECpZGuK0HFOsQCsyCClBhuKEVjNsQzhGGC9TduKk/UZsQiB5ECV3EwK01jVsQqGHECFZrwKUepesQ2jaKCViB0K0NJZsQMdTJCJwK0KEDCfsQZ7MICNzsyKUNeesQGZTICJb3wKE/pWsQAAYJCd+ewK0z3PsQqGfKCNHKyKEBWRsQzhmLC13/xK0yhLsQDXHJCRKcuK0fqIsQCs6HCtzntKE7RLsQAAYHCls9uKkR2TsQO1rEC5kMnKkt9QsQXbdDCd2uoKUP0IsQCJqDC9ODrKkBNZsQxljECdhMuKkQwFsQKRSGCtIBvKkSthsQ6RFFCJRByKk8vRsQPomEChW+xKEOTjsQmSTJCpku1K0WOlsQSTXMC9lPzK0P/MsQ2YrLCJpowKE1tFsQVXZHCRS/rKkEGHsQ 1jj2_RNA_01047_01048_01066_01067
SCORE:     0.000 1jj2_RNA_01264_01265_01091_01092
FOLD_TREE  EDGE 1 2 -1  JEDGE 2 3 1  C4   C2   END  EDGE 3 4 -1  1jj2_RNA_01264_01265_01091_01092
RT -0.996943 0.00348564 0.0780508 -0.00162431 0.997864 -0.0653105 -0.0781117 -0.0652376 -0.994808 5.93736 -1.59026 0.0708468   1jj2_RNA_01264_01265_01091_01092
ANNOTATED_SEQUENCE: ugua 1jj2_RNA_01264_01265_01091_01092
L2jC6A99TxK0LdAsQIwKCB125xKUGE7rQO0izANIAvK0Jx8rQPf/yAls9zKERLAsQjsdoA13/zKUhrEsQjX6jAR0y2KUxgEsQcSMqARLi4KUjXLsQ789jA5OP4K0w15rQoa8WAB/Z3KkrHzrQLy2pA55L7KUdTHsQMIwiAhUI7Kk/U9rQueUQAVix7K0xLAsQCsy0A56B8KkWkEsQ8S32AZQw+KUPKEsQ+TNwAZ7cALUKcGsQsyhABxfa/Kk++AsQOJmEBhAr9KUgV+rQQ14IBxek+KUwK7rQ03PDBZm56K03P/rQDCs8AdSM6KU5QCsQKTroAtoQzKka9MsQ1tKjAJtpyKUBKAsQDDFXApGi2KE7AHsQv4KrA9g23KUsB1rQxZemA5zs8KkttMsQh6zkAFhj8K0N92rQzkkPAdUs9KERbCsQj4XBB1gXBLkshAsQLbQGBNyW5K04c9rQwDy6AFMD4KEC7CsQ 1jj2_RNA_01264_01265_01091_01092
LO0iYAdR23KkmZmrQhArnANJ23KkrHjrQmZmJAtc41K0yhhrQNzMPAhqx6KUbnkrQ46Rx/IxQ7KEShlrQWO0m/U3E+KEtIirQtIb7/cS8/KkCXprQ/pG3/Q14+KkSMXrQ2OfX/sd+9KU14OrQKxgEApGPCLU6mjrQzhW4/Iw6BLUwKYrQPKc9+wKHDLkpbXrQ5QLzAd8CILk8SerQiWkoANHqILEpwcrQGEYmAd9ILLUdTZrQNepgAZk9GL0LderQNzMkAZljELULyhrQEYluApGvDL0OfjrQ2jC3AdolFLknvhrQBWZABNIQFLEZ7irQuz3uARgFBLULymrQpw1kA9SXAL0HFnrQuz3bA57XCLUPKkrQpqwm/4b86K0F0trQS/7e/Ym15KkaggrQl3e69IAJ+K0bJirQliNLApVB+KUvJVrQnp48/wRKELU9lmrQj+hFAFk3CLE9wRrQHVRE/UPGFLU5IYrQzzi4AVveJLkD0crQ3xkdA5MsLLEeCYrQkOUsAJ7bML0y/XrQVjLiA5NW+K0AaprQ 1jj2_RNA_01264_01265_01091_01092
LoF5YBFZrUL04lYrQsHlbB55bSLk8SerQShraBJFeXLErcarQ++pSB9ogULEAAbrQnv/OB56RWLEmuVrQoFZJB9TNVLUxgWrQUN+IBtduSL0yhQrQFDiHBlXaUL0cohrQe++FBR1oWLEZ7nrQDCMFBViBRLEYlVrQ8S3CBBBmSLk++erQuz38AJvEULk8SbrQU46HBRglOL0bSZrQue0EBRgVMLkR2arQFDCABpETML0gAZrQ7RhHB5kIKLU6merQBW5MB1i8JLET3grQDXvOBx1zHLEAAkrQuz3PBdoVMLUc9erQzhWNBtyhOLE+TbrQ/THQBVngWLEjRNrQunLPBd+RYLUNYZrQND4GBxU2WLUOgTrQ2AqKBJjcTL0XemrQz2yBBtVZQL0SlQrQfiaBBhTeRL0N+lrQOB22AJA1SL0OmZrQExVFBJBfILEe3frQQVNUBBrYML0FfgrQMXtPBxhWQL0k4ZrQ 1jj2_RNA_01264_01265_01091_01092
L2jiGBFueWLEmu0rQDCsLBZPKVL0Of3rQ8SXFBFCMZLkX64rQ99zBBlBhULUPK4rQ14l4ABrMVLUiB2rQHaRxAlX6SLEnE5rQFDCzAlupQLEAAyrQCsyyAR2uRL0xLEsQ4P1tA1jSTLEXPMsQhrHxA5OPOL0fq3rQ67ntAdn/OLEAADsQVjXiA99DPLkQgDsQNzsAB557EL0578rQzhW3Ado1FL0eU9rQhArzANdTILkU47rQqGv7A13/JLULy5rQDXPDBhUYJLEtI5rQwfqEBdSsGLEv06rQ5QrJBFsyFLErc6rQ5lOGBlupLLkU42rQmupCBltjNLUzM2rQiBB7ApasML0P13rQfbi3ANzqVL0rftrQkDV2AZ5/WLkKj6rQByMpA1ByTLUOq4rQb/M7Ax0oRL0tvGsQxG1qA5Z8MLEDW0rQ2W9vAhmmNLUaZJsQfm8eA5VNNLkaqCsQz6PxAleUELEAG/rQZ2bKBdh2DLkmt7rQTerMB9UDHLUt54rQYbrDB93pPL0od0rQ 1jj2_RNA_01264_01265_01091_01092
SCORE:     0.000 1jj2_RNA_02127_02128_02265_02266
FOLD_TREE  EDGE 1 2 -1  JEDGE 2 3 1  C4   C2   END  EDGE 3 4 -1  1jj2_RNA_02127_02128_02265_02266
RT -0.999843 0.0174505 0.00307188 0.0166251 0.983888 -0.178009 -0.00612872 -0.17793 -0.984024 5.80045 -1.85751 -0.0226092   1jj2_RNA_02127_02128_02265_02266
ANNOTATED_SEQUENCE: ugua 1jj2_RNA_02127_02128_02265_02266
L5QL4CxKHYLUgVulQrcw3CtH1ZLEoaglQpb64CJahYL0MzulQLHC4Ch/EVLERLolQvJZ4Cpa8SLEueylQNzE4CFDSQLEBWtlQTiZ3C98NQL0w11lQY6+3CNepPLUktVlQNzk4CFtoOLEAAMlQzM/2CNHqOLkSMolQhrb3CZljNL0eUWlQU4q3Cdn/KL0w1blQEYd2CJbXQL00NflQBW51CBBGPLUhrXlQAA01CdSsML0OfZlQx1b1CR2uQLkEDOlQtde1C98dTLEShLlQe+C1CR1oULEW5AlQJGE2CB/pUL0yhUlQTih2CBqGTLktzdlQkZZ4Ct3PTL0W5DmQSu64CZB8SLULKtlQdza4C1azOLkVV0lQFD33C5DaRLk55LlQzsv2Clj7MLEy1vlQaCM3CtDSNL0JuGlQReS3C1wsJL0GCclQgnB1CRJ2PLUHMIlQ0uI2Cxj1WLkPyTlQ7N+2ClSDUL0xpklQ 1jj2_RNA_02127_02128_02265_02266
LMIs4CZ5APLEFuykQ4PV4Cx0dRL0isrkQhAb5C1jyOLkoFvkQvJV4C13fML057nkQ++l4CBB2JL04lqkQU4G4CVixHLkBBikQFDe3CxgAILkrHtkQwf63Cls9HL0yhKkQ78Z4Ch/0GLULy8jQPK82C99THL0gAfkQZ7Q3ChUYGL0NJKkQ03X3CFYlDLE+TLkQkCv0CNdzKLEDCCkQgq90CFuOIL0FZDkQ35j0CBBWGLEBW7jQLyi1CBVjHLUy2LkQW541CNzsJL0GvSkQyLt1ClCXMLUMISkQZ7E1CBVDNLEtIJkQEt00C1MTPLkoFHkQf/M2Cls9NLET3akQkCr2CRLSMLEoagkQyLh2C9nqJL0isbkQ6Ps4CpncJL0nm7kQKvE5CNGqJLEWKikQPhX4Cl+2FLUIWkkQoa33CN7BKL0UqEkQ2Kn2CRsrFLUDckkQgq+2ChbrGLEhT7jQOu72CRboCLkZCLkQfUS0CVAGLLU6Y7jQH1s0CZGbELU7w7jQIyH0Cpl2GLk+60jQnUJ3CBs5MLUQ8nkQ 1jj2_RNA_02127_02128_02265_02266
LGEMwC5QLRLkvfUjQiBZwCRffTLE99hjQtdevCJbXQLEmuTjQPKowCxfqOLUNebjQHalwCV4KMLEUNQjQktLxCdScKLE7RVjQtdyxC1h2LL0d+OjQ5QTxCxJxJLUIwsjQQg5wCtHlHLU14zjQfUUyCxfKLLkoFdjQU4CyC14FJLET3sjQqxLyCVihGL0yhkjQcSkyClCnNLkQgnjQsHNzCFDiNL0kYwjQ8SjzCxJhLLErcwjQIwazCNe5PLEEY5jQMIEzCViRSLU6m6jQNzUzC5OPULEtIDkQFDayCtxLSLUHaxjQ67LyCJw6PLkmZojQk1jwCB5hMLUI4+iQo4HwCFBHLLUBtUjQ4hFxCdUkILESmMjQsuKxCpfZLLEQx3jQ79vyCVqPKLkNEVjQ+iQyCVHEJL0UE9jQfVryCdVMGLEH+kjQSJ4zCRi5PLESv/jQJcFyCpC+TLkTxxjQGnrxCV74PLUGbhjQ 1jj2_RNA_02127_02128_02265_02266
LJbvwCZkNHLEtINkQIFqwCd94JLkuJXkQoaMwCxLNFLEW5OkQ78ZxCFZ7FL0MzWkQoakxClXKDLk8STkQ99PyCBVjCLEoackQzMvyCFDSEL0KHSkQjsVyChUIDLERL0kQy2FyCNIABLk8SBlQzMPzChqBFLEqGhkQ++FzC9ogDLktz1kQ7RdzCBBGBL0gA1kQrcg0CNyWNLksd6kQzhq0CZQwKLUxg6kQnvT0CFZrILEmuzkQamtzCdnfJLEXPskQ2jezC14FMLU5QrkQ785zCNyGOL01jykQWOwzCZktQL025xkQam1yCxfKMLkR2ikQf/syC12pJLULyekQgqNzCFZ7HLU46jkQPCkxCtftCLU2ECkQ7QMxCNr3BLU52akQGMUyCpeZAL0fhZkQV0DyCpE5ELk+w5kQ4IwzChmhEL03YckQLyPzClpbELELAFlQ5l8zC1IfBLUGI2kQsJK1Ch7QKL0+HBlQgRF0C5XESL0iM3kQz9TzCRhTRL0TIskQNcOyCF/+ILUS2XkQ 1jj2_RNA_02127_02128_02265_02266
